# JRE version: Java(TM) SE Runtime Environment (17.0.12+8) (build 17.0.12+8-LTS-286)
# Java VM: Java HotSpot(TM) 64-Bit Server VM (17.0.12+8-LTS-286, mixed mode, sharing, tiered, compressed oops, compressed class ptrs, g1 gc, windows-amd64)
GC Precious Log:
 CPUs: 12 total, 12 available
 Memory: 5989M
 Large Page Support: Disabled
 NUMA Support: Disabled
 Compressed Oops: Enabled (32-bit)
 Heap Region Size: 1M
 Heap Min Capacity: 8M
 Heap Initial Capacity: 94M
 Heap Max Capacity: 256M
 Pre-touch: Disabled
 Parallel Workers: 10
 Concurrent Workers: 3
 Concurrent Refinement Workers: 10
 Periodic GC: Disabled
Heap:
 garbage-first heap   total 70656K, used 39176K [0x00000000f0000000, 0x0000000100000000)
  region size 1024K, 2 young (2048K), 1 survivors (1024K)
 Metaspace       used 61266K, committed 61824K, reserved 1114112K
  class space    used 8030K, committed 8320K, reserved 1048576K
GC Heap History (20 events):
Event: 9.057 GC heap before
{Heap before GC invocations=14 (full 0):
 garbage-first heap   total 58368K, used 44088K [0x00000000f0000000, 0x0000000100000000)
  region size 1024K, 16 young (16384K), 2 survivors (2048K)
 Metaspace       used 45109K, committed 45568K, reserved 1114112K
  class space    used 6054K, committed 6272K, reserved 1048576K
}
Event: 9.059 GC heap after
{Heap after GC invocations=15 (full 0):
 garbage-first heap   total 58368K, used 31055K [0x00000000f0000000, 0x0000000100000000)
  region size 1024K, 2 young (2048K), 2 survivors (2048K)
 Metaspace       used 45109K, committed 45568K, reserved 1114112K
  class space    used 6054K, committed 6272K, reserved 1048576K
}
Event: 9.519 GC heap before
{Heap before GC invocations=15 (full 0):
 garbage-first heap   total 58368K, used 45391K [0x00000000f0000000, 0x0000000100000000)
  region size 1024K, 16 young (16384K), 2 survivors (2048K)
 Metaspace       used 48667K, committed 49216K, reserved 1114112K
  class space    used 6499K, committed 6784K, reserved 1048576K
}
Event: 9.522 GC heap after
{Heap after GC invocations=16 (full 0):
 garbage-first heap   total 58368K, used 33227K [0x00000000f0000000, 0x0000000100000000)
  region size 1024K, 2 young (2048K), 2 survivors (2048K)
 Metaspace       used 48667K, committed 49216K, reserved 1114112K
  class space    used 6499K, committed 6784K, reserved 1048576K
}
Event: 10.042 GC heap before
{Heap before GC invocations=17 (full 0):
 garbage-first heap   total 60416K, used 46539K [0x00000000f0000000, 0x0000000100000000)
  region size 1024K, 15 young (15360K), 2 survivors (2048K)
 Metaspace       used 51130K, committed 51712K, reserved 1114112K
  class space    used 6824K, committed 7104K, reserved 1048576K
}
Event: 10.046 GC heap after
{Heap after GC invocations=18 (full 0):
 garbage-first heap   total 60416K, used 35021K [0x00000000f0000000, 0x0000000100000000)
  region size 1024K, 2 young (2048K), 2 survivors (2048K)
 Metaspace       used 51130K, committed 51712K, reserved 1114112K
  class space    used 6824K, committed 7104K, reserved 1048576K
}
Event: 30.016 GC heap before
{Heap before GC invocations=18 (full 0):
 garbage-first heap   total 60416K, used 46285K [0x00000000f0000000, 0x0000000100000000)
  region size 1024K, 14 young (14336K), 2 survivors (2048K)
 Metaspace       used 53956K, committed 54528K, reserved 1114112K
  class space    used 7190K, committed 7488K, reserved 1048576K
}
Event: 30.020 GC heap after
{Heap after GC invocations=19 (full 0):
 garbage-first heap   total 60416K, used 36087K [0x00000000f0000000, 0x0000000100000000)
  region size 1024K, 2 young (2048K), 2 survivors (2048K)
 Metaspace       used 53956K, committed 54528K, reserved 1114112K
  class space    used 7190K, committed 7488K, reserved 1048576K
}
Event: 31.408 GC heap before
{Heap before GC invocations=20 (full 0):
 garbage-first heap   total 66560K, used 46327K [0x00000000f0000000, 0x0000000100000000)
  region size 1024K, 13 young (13312K), 2 survivors (2048K)
 Metaspace       used 56062K, committed 56640K, reserved 1114112K
  class space    used 7494K, committed 7808K, reserved 1048576K
}
Event: 31.411 GC heap after
{Heap after GC invocations=21 (full 0):
 garbage-first heap   total 66560K, used 37295K [0x00000000f0000000, 0x0000000100000000)
  region size 1024K, 2 young (2048K), 2 survivors (2048K)
 Metaspace       used 56062K, committed 56640K, reserved 1114112K
  class space    used 7494K, committed 7808K, reserved 1048576K
}
Event: 31.462 GC heap before
{Heap before GC invocations=21 (full 0):
 garbage-first heap   total 66560K, used 37295K [0x00000000f0000000, 0x0000000100000000)
  region size 1024K, 3 young (3072K), 2 survivors (2048K)
 Metaspace       used 56271K, committed 56832K, reserved 1114112K
  class space    used 7525K, committed 7808K, reserved 1048576K
}
Event: 31.466 GC heap after
{Heap after GC invocations=22 (full 0):
 garbage-first heap   total 66560K, used 37097K [0x00000000f0000000, 0x0000000100000000)
  region size 1024K, 1 young (1024K), 1 survivors (1024K)
 Metaspace       used 56271K, committed 56832K, reserved 1114112K
  class space    used 7525K, committed 7808K, reserved 1048576K
}
Event: 140.552 GC heap before
{Heap before GC invocations=22 (full 0):
 garbage-first heap   total 66560K, used 52457K [0x00000000f0000000, 0x0000000100000000)
  region size 1024K, 16 young (16384K), 1 survivors (1024K)
 Metaspace       used 59441K, committed 60032K, reserved 1114112K
  class space    used 7943K, committed 8256K, reserved 1048576K
}
Event: 140.595 GC heap after
{Heap after GC invocations=23 (full 0):
 garbage-first heap   total 66560K, used 38116K [0x00000000f0000000, 0x0000000100000000)
  region size 1024K, 2 young (2048K), 2 survivors (2048K)
 Metaspace       used 59441K, committed 60032K, reserved 1114112K
  class space    used 7943K, committed 8256K, reserved 1048576K
}
Event: 426.632 GC heap before
{Heap before GC invocations=24 (full 0):
 garbage-first heap   total 70656K, used 53476K [0x00000000f0000000, 0x0000000100000000)
  region size 1024K, 17 young (17408K), 2 survivors (2048K)
 Metaspace       used 60616K, committed 61184K, reserved 1114112K
  class space    used 8026K, committed 8320K, reserved 1048576K
}
Event: 426.693 GC heap after
{Heap after GC invocations=25 (full 0):
 garbage-first heap   total 70656K, used 38789K [0x00000000f0000000, 0x0000000100000000)
  region size 1024K, 2 young (2048K), 2 survivors (2048K)
 Metaspace       used 60616K, committed 61184K, reserved 1114112K
  class space    used 8026K, committed 8320K, reserved 1048576K
}
Event: 453.865 GC heap before
{Heap before GC invocations=25 (full 0):
 garbage-first heap   total 70656K, used 39813K [0x00000000f0000000, 0x0000000100000000)
  region size 1024K, 3 young (3072K), 2 survivors (2048K)
 Metaspace       used 60665K, committed 61312K, reserved 1114112K
  class space    used 8026K, committed 8320K, reserved 1048576K
}
Event: 453.890 GC heap after
{Heap after GC invocations=26 (full 0):
 garbage-first heap   total 70656K, used 38566K [0x00000000f0000000, 0x0000000100000000)
  region size 1024K, 1 young (1024K), 1 survivors (1024K)
 Metaspace       used 60665K, committed 61312K, reserved 1114112K
  class space    used 8026K, committed 8320K, reserved 1048576K
}
Event: 981.161 GC heap before
{Heap before GC invocations=26 (full 0):
 garbage-first heap   total 70656K, used 55974K [0x00000000f0000000, 0x0000000100000000)
  region size 1024K, 18 young (18432K), 1 survivors (1024K)
 Metaspace       used 61257K, committed 61824K, reserved 1114112K
  class space    used 8030K, committed 8320K, reserved 1048576K
}
Event: 981.284 GC heap after
{Heap after GC invocations=27 (full 0):
 garbage-first heap   total 70656K, used 39176K [0x00000000f0000000, 0x0000000100000000)
  region size 1024K, 1 young (1024K), 1 survivors (1024K)
 Metaspace       used 61257K, committed 61824K, reserved 1114112K
  class space    used 8030K, committed 8320K, reserved 1048576K
}

